2015-02-10 21:45:32,450 [Worker-2] INFO  o.e.m.c.i.p.ProjectConfigurationManager - Collecting project info '/pom.xml' D:\GoogleDisc\Nata_QA\Workspace_homework_40\JUnit\pom.xml
2015-02-10 21:45:33,168 [Worker-2] INFO  o.e.m.c.i.l.LifecycleMappingFactory - Using org.eclipse.m2e.jdt.JarLifecycleMapping lifecycle mapping for MavenProject: core:JUnit:1.1 @ D:\GoogleDisc\Nata_QA\Workspace_homework_40\JUnit\pom.xml.
2015-02-10 21:45:33,653 [Worker-2] INFO  o.e.m.j.i.AbstractJavaProjectConfigurator - Adding source folder /JUnit/src/main/java
2015-02-10 21:45:33,653 [Worker-2] INFO  o.e.m.j.i.AbstractJavaProjectConfigurator - Adding source folder /JUnit/src/test/java
2015-02-10 21:45:33,731 [Worker-2] INFO  o.e.m.c.i.p.ProjectConfigurationManager - Imported and configured 1 project(s) in 1 sec
2015-02-10 21:45:34,293 [Worker-3] INFO  o.e.m.c.i.l.LifecycleMappingFactory - Using org.eclipse.m2e.jdt.JarLifecycleMapping lifecycle mapping for MavenProject: core:JUnit:1.1 @ D:\GoogleDisc\Nata_QA\Workspace_homework_40\JUnit\pom.xml.
2015-02-10 21:45:34,465 [Worker-3] INFO  o.e.m.c.i.embedder.EclipseLogger - Using 'UTF-8' encoding to copy filtered resources.
2015-02-10 21:45:34,465 [Worker-3] INFO  o.e.m.c.i.embedder.EclipseLogger - skip non existing resourceDirectory D:\GoogleDisc\Nata_QA\Workspace_homework_40\JUnit\src\main\resources
2015-02-10 21:45:34,465 [Worker-3] INFO  o.e.m.c.i.embedder.EclipseLogger - Using 'UTF-8' encoding to copy filtered resources.
2015-02-10 21:45:34,465 [Worker-3] INFO  o.e.m.c.i.embedder.EclipseLogger - skip non existing resourceDirectory D:\GoogleDisc\Nata_QA\Workspace_homework_40\JUnit\src\test\resources
2015-02-10 21:45:34,899 [Worker-3] INFO  o.e.m.c.i.l.LifecycleMappingFactory - Using org.eclipse.m2e.jdt.JarLifecycleMapping lifecycle mapping for MavenProject: core:JUnit:1.1 @ D:\GoogleDisc\Nata_QA\Workspace_homework_40\JUnit\pom.xml.
2015-02-10 21:45:35,673 [Worker-3] INFO  o.e.m.c.i.embedder.EclipseLogger - Using 'UTF-8' encoding to copy filtered resources.
2015-02-10 21:45:35,673 [Worker-3] INFO  o.e.m.c.i.embedder.EclipseLogger - skip non existing resourceDirectory D:\GoogleDisc\Nata_QA\Workspace_homework_40\JUnit\src\main\resources
2015-02-10 21:45:35,675 [Worker-3] INFO  o.e.m.c.i.embedder.EclipseLogger - Using 'UTF-8' encoding to copy filtered resources.
2015-02-10 21:45:35,675 [Worker-3] INFO  o.e.m.c.i.embedder.EclipseLogger - skip non existing resourceDirectory D:\GoogleDisc\Nata_QA\Workspace_homework_40\JUnit\src\test\resources
2015-02-10 21:45:50,604 [Worker-3] INFO  o.e.m.c.i.embedder.EclipseLogger - Using 'UTF-8' encoding to copy filtered resources.
2015-02-10 21:45:50,604 [Worker-3] INFO  o.e.m.c.i.embedder.EclipseLogger - skip non existing resourceDirectory D:\GoogleDisc\Nata_QA\Workspace_homework_40\JUnit\src\main\resources
2015-02-10 21:45:50,604 [Worker-3] INFO  o.e.m.c.i.embedder.EclipseLogger - Using 'UTF-8' encoding to copy filtered resources.
2015-02-10 21:45:50,604 [Worker-3] INFO  o.e.m.c.i.embedder.EclipseLogger - skip non existing resourceDirectory D:\GoogleDisc\Nata_QA\Workspace_homework_40\JUnit\src\test\resources
2015-02-10 21:45:53,613 [Worker-3] INFO  o.e.m.c.i.embedder.EclipseLogger - Using 'UTF-8' encoding to copy filtered resources.
2015-02-10 21:45:53,613 [Worker-3] INFO  o.e.m.c.i.embedder.EclipseLogger - skip non existing resourceDirectory D:\GoogleDisc\Nata_QA\Workspace_homework_40\JUnit\src\main\resources
2015-02-10 21:45:53,613 [Worker-3] INFO  o.e.m.c.i.embedder.EclipseLogger - Using 'UTF-8' encoding to copy filtered resources.
2015-02-10 21:45:53,613 [Worker-3] INFO  o.e.m.c.i.embedder.EclipseLogger - skip non existing resourceDirectory D:\GoogleDisc\Nata_QA\Workspace_homework_40\JUnit\src\test\resources
2015-02-10 21:46:36,299 [Worker-2] INFO  o.e.m.c.i.embedder.EclipseLogger - Using 'UTF-8' encoding to copy filtered resources.
2015-02-10 21:46:36,299 [Worker-2] INFO  o.e.m.c.i.embedder.EclipseLogger - skip non existing resourceDirectory D:\GoogleDisc\Nata_QA\Workspace_homework_40\JUnit\src\main\resources
2015-02-10 21:46:36,299 [Worker-2] INFO  o.e.m.c.i.embedder.EclipseLogger - Using 'UTF-8' encoding to copy filtered resources.
2015-02-10 21:46:36,299 [Worker-2] INFO  o.e.m.c.i.embedder.EclipseLogger - skip non existing resourceDirectory D:\GoogleDisc\Nata_QA\Workspace_homework_40\JUnit\src\test\resources
2015-02-10 21:46:37,377 [Worker-4] INFO  o.e.m.c.i.embedder.EclipseLogger - Using 'UTF-8' encoding to copy filtered resources.
2015-02-10 21:46:37,377 [Worker-4] INFO  o.e.m.c.i.embedder.EclipseLogger - skip non existing resourceDirectory D:\GoogleDisc\Nata_QA\Workspace_homework_40\JUnit\src\main\resources
2015-02-10 21:46:37,377 [Worker-4] INFO  o.e.m.c.i.embedder.EclipseLogger - Using 'UTF-8' encoding to copy filtered resources.
2015-02-10 21:46:37,377 [Worker-4] INFO  o.e.m.c.i.embedder.EclipseLogger - skip non existing resourceDirectory D:\GoogleDisc\Nata_QA\Workspace_homework_40\JUnit\src\test\resources
2015-02-10 21:53:05,499 [Worker-3] INFO  o.e.m.c.i.embedder.EclipseLogger - Using 'UTF-8' encoding to copy filtered resources.
2015-02-10 21:53:05,515 [Worker-3] INFO  o.e.m.c.i.embedder.EclipseLogger - skip non existing resourceDirectory D:\GoogleDisc\Nata_QA\Workspace_homework_40\JUnit\src\main\resources
2015-02-10 21:53:05,515 [Worker-3] INFO  o.e.m.c.i.embedder.EclipseLogger - Using 'UTF-8' encoding to copy filtered resources.
2015-02-10 21:53:05,515 [Worker-3] INFO  o.e.m.c.i.embedder.EclipseLogger - skip non existing resourceDirectory D:\GoogleDisc\Nata_QA\Workspace_homework_40\JUnit\src\test\resources
2015-02-10 21:56:19,783 [Worker-5] INFO  o.e.m.c.i.embedder.EclipseLogger - Using 'UTF-8' encoding to copy filtered resources.
2015-02-10 21:56:19,783 [Worker-5] INFO  o.e.m.c.i.embedder.EclipseLogger - skip non existing resourceDirectory D:\GoogleDisc\Nata_QA\Workspace_homework_40\JUnit\src\main\resources
2015-02-10 21:56:19,783 [Worker-5] INFO  o.e.m.c.i.embedder.EclipseLogger - Using 'UTF-8' encoding to copy filtered resources.
2015-02-10 21:56:19,783 [Worker-5] INFO  o.e.m.c.i.embedder.EclipseLogger - skip non existing resourceDirectory D:\GoogleDisc\Nata_QA\Workspace_homework_40\JUnit\src\test\resources
2015-02-10 22:00:59,787 [Worker-12] INFO  o.e.m.c.i.embedder.EclipseLogger - Using 'UTF-8' encoding to copy filtered resources.
2015-02-10 22:00:59,787 [Worker-12] INFO  o.e.m.c.i.embedder.EclipseLogger - skip non existing resourceDirectory D:\GoogleDisc\Nata_QA\Workspace_homework_40\JUnit\src\main\resources
2015-02-10 22:00:59,787 [Worker-12] INFO  o.e.m.c.i.embedder.EclipseLogger - Using 'UTF-8' encoding to copy filtered resources.
2015-02-10 22:00:59,787 [Worker-12] INFO  o.e.m.c.i.embedder.EclipseLogger - skip non existing resourceDirectory D:\GoogleDisc\Nata_QA\Workspace_homework_40\JUnit\src\test\resources
2015-02-10 22:10:12,537 [Worker-13] INFO  o.e.m.c.i.l.LifecycleMappingFactory - Using org.eclipse.m2e.jdt.JarLifecycleMapping lifecycle mapping for MavenProject: core:JUnit:1.1 @ D:\GoogleDisc\Nata_QA\Workspace_homework_40\JUnit\pom.xml.
2015-02-10 22:10:13,334 [Worker-13] INFO  o.e.m.c.i.e.AbstractTransferListenerAdapter - Downloaded http://repo.maven.apache.org/maven2/junit/junit/4.11/junit-4.11.pom
2015-02-10 22:10:13,537 [Worker-13] INFO  o.e.m.c.i.e.AbstractTransferListenerAdapter - Downloading http://repo.maven.apache.org/maven2/junit/junit/4.11/junit-4.11.jar
2015-02-10 22:10:14,365 [Worker-13] INFO  o.e.m.c.i.e.AbstractTransferListenerAdapter - Downloaded http://repo.maven.apache.org/maven2/junit/junit/4.11/junit-4.11.jar
2015-02-10 22:10:14,662 [Worker-13] INFO  o.e.m.c.i.embedder.EclipseLogger - Using 'UTF-8' encoding to copy filtered resources.
2015-02-10 22:10:14,662 [Worker-13] INFO  o.e.m.c.i.embedder.EclipseLogger - skip non existing resourceDirectory D:\GoogleDisc\Nata_QA\Workspace_homework_40\JUnit\src\main\resources
2015-02-10 22:10:14,662 [Worker-13] INFO  o.e.m.c.i.embedder.EclipseLogger - Using 'UTF-8' encoding to copy filtered resources.
2015-02-10 22:10:14,662 [Worker-13] INFO  o.e.m.c.i.embedder.EclipseLogger - skip non existing resourceDirectory D:\GoogleDisc\Nata_QA\Workspace_homework_40\JUnit\src\test\resources
2015-02-10 22:10:15,865 [Worker-16] INFO  o.e.m.c.i.embedder.EclipseLogger - Using 'UTF-8' encoding to copy filtered resources.
2015-02-10 22:10:15,865 [Worker-16] INFO  o.e.m.c.i.embedder.EclipseLogger - skip non existing resourceDirectory D:\GoogleDisc\Nata_QA\Workspace_homework_40\JUnit\src\main\resources
2015-02-10 22:10:15,865 [Worker-16] INFO  o.e.m.c.i.embedder.EclipseLogger - Using 'UTF-8' encoding to copy filtered resources.
2015-02-10 22:10:15,865 [Worker-16] INFO  o.e.m.c.i.embedder.EclipseLogger - skip non existing resourceDirectory D:\GoogleDisc\Nata_QA\Workspace_homework_40\JUnit\src\test\resources
2015-02-10 22:13:06,061 [Worker-18] INFO  o.e.m.c.i.embedder.EclipseLogger - Using 'UTF-8' encoding to copy filtered resources.
2015-02-10 22:13:06,061 [Worker-18] INFO  o.e.m.c.i.embedder.EclipseLogger - skip non existing resourceDirectory D:\GoogleDisc\Nata_QA\Workspace_homework_40\JUnit\src\main\resources
2015-02-10 22:13:06,061 [Worker-18] INFO  o.e.m.c.i.embedder.EclipseLogger - Using 'UTF-8' encoding to copy filtered resources.
2015-02-10 22:13:06,061 [Worker-18] INFO  o.e.m.c.i.embedder.EclipseLogger - skip non existing resourceDirectory D:\GoogleDisc\Nata_QA\Workspace_homework_40\JUnit\src\test\resources
2015-02-10 22:20:38,513 [Worker-24] INFO  o.e.m.c.i.l.LifecycleMappingFactory - Using org.eclipse.m2e.jdt.JarLifecycleMapping lifecycle mapping for MavenProject: core:JUnit:${build.version} @ D:\GoogleDisc\Nata_QA\Workspace_homework_40\JUnit\pom.xml.
2015-02-10 22:20:39,029 [Worker-24] INFO  o.e.m.c.i.e.AbstractTransferListenerAdapter - Downloaded http://repo.maven.apache.org/maven2/org/apache/maven/surefire/surefire-api/2.18/surefire-api-2.18.pom
2015-02-10 22:20:39,341 [Worker-24] INFO  o.e.m.c.i.e.AbstractTransferListenerAdapter - Downloaded http://repo.maven.apache.org/maven2/org/apache/maven/surefire/surefire/2.18/surefire-2.18.pom
2015-02-10 22:20:39,685 [Worker-24] INFO  o.e.m.c.i.e.AbstractTransferListenerAdapter - Downloaded http://repo.maven.apache.org/maven2/org/apache/maven/maven-parent/25/maven-parent-25.pom
2015-02-10 22:20:39,997 [Worker-24] INFO  o.e.m.c.i.e.AbstractTransferListenerAdapter - Downloaded http://repo.maven.apache.org/maven2/org/apache/apache/15/apache-15.pom
2015-02-10 22:20:40,107 [Worker-24] INFO  o.e.m.c.i.e.AbstractTransferListenerAdapter - Downloading http://repo.maven.apache.org/maven2/org/apache/maven/surefire/surefire-api/2.18/surefire-api-2.18.jar
2015-02-10 22:20:40,794 [Worker-24] INFO  o.e.m.c.i.e.AbstractTransferListenerAdapter - Downloaded http://repo.maven.apache.org/maven2/org/apache/maven/surefire/surefire-api/2.18/surefire-api-2.18.jar
2015-02-10 22:20:41,091 [Worker-24] INFO  o.e.m.c.i.embedder.EclipseLogger - Using 'UTF-8' encoding to copy filtered resources.
2015-02-10 22:20:41,091 [Worker-24] INFO  o.e.m.c.i.embedder.EclipseLogger - skip non existing resourceDirectory D:\GoogleDisc\Nata_QA\Workspace_homework_40\JUnit\src\main\resources
2015-02-10 22:20:41,091 [Worker-24] INFO  o.e.m.c.i.embedder.EclipseLogger - Using 'UTF-8' encoding to copy filtered resources.
2015-02-10 22:20:41,091 [Worker-24] INFO  o.e.m.c.i.embedder.EclipseLogger - skip non existing resourceDirectory D:\GoogleDisc\Nata_QA\Workspace_homework_40\JUnit\src\test\resources
2015-02-10 22:20:42,254 [Worker-19] INFO  o.e.m.c.i.embedder.EclipseLogger - Using 'UTF-8' encoding to copy filtered resources.
2015-02-10 22:20:42,254 [Worker-19] INFO  o.e.m.c.i.embedder.EclipseLogger - skip non existing resourceDirectory D:\GoogleDisc\Nata_QA\Workspace_homework_40\JUnit\src\main\resources
2015-02-10 22:20:42,254 [Worker-19] INFO  o.e.m.c.i.embedder.EclipseLogger - Using 'UTF-8' encoding to copy filtered resources.
2015-02-10 22:20:42,254 [Worker-19] INFO  o.e.m.c.i.embedder.EclipseLogger - skip non existing resourceDirectory D:\GoogleDisc\Nata_QA\Workspace_homework_40\JUnit\src\test\resources
2015-02-10 22:21:07,357 [Worker-23] INFO  o.e.m.c.i.embedder.EclipseLogger - Using 'UTF-8' encoding to copy filtered resources.
2015-02-10 22:21:07,357 [Worker-23] INFO  o.e.m.c.i.embedder.EclipseLogger - skip non existing resourceDirectory D:\GoogleDisc\Nata_QA\Workspace_homework_40\JUnit\src\main\resources
2015-02-10 22:21:07,357 [Worker-23] INFO  o.e.m.c.i.embedder.EclipseLogger - Using 'UTF-8' encoding to copy filtered resources.
2015-02-10 22:21:07,357 [Worker-23] INFO  o.e.m.c.i.embedder.EclipseLogger - skip non existing resourceDirectory D:\GoogleDisc\Nata_QA\Workspace_homework_40\JUnit\src\test\resources
2015-02-10 22:25:51,215 [Worker-25] INFO  o.e.m.c.i.embedder.EclipseLogger - Using 'UTF-8' encoding to copy filtered resources.
2015-02-10 22:25:51,215 [Worker-25] INFO  o.e.m.c.i.embedder.EclipseLogger - skip non existing resourceDirectory D:\GoogleDisc\Nata_QA\Workspace_homework_40\JUnit\src\main\resources
2015-02-10 22:25:51,215 [Worker-25] INFO  o.e.m.c.i.embedder.EclipseLogger - Using 'UTF-8' encoding to copy filtered resources.
2015-02-10 22:25:51,215 [Worker-25] INFO  o.e.m.c.i.embedder.EclipseLogger - skip non existing resourceDirectory D:\GoogleDisc\Nata_QA\Workspace_homework_40\JUnit\src\test\resources
2015-02-10 22:38:50,910 [Worker-29] INFO  o.e.m.c.i.embedder.EclipseLogger - Using 'UTF-8' encoding to copy filtered resources.
2015-02-10 22:38:50,910 [Worker-29] INFO  o.e.m.c.i.embedder.EclipseLogger - skip non existing resourceDirectory D:\GoogleDisc\Nata_QA\Workspace_homework_40\JUnit\src\main\resources
2015-02-10 22:38:50,910 [Worker-29] INFO  o.e.m.c.i.embedder.EclipseLogger - Using 'UTF-8' encoding to copy filtered resources.
2015-02-10 22:38:50,910 [Worker-29] INFO  o.e.m.c.i.embedder.EclipseLogger - skip non existing resourceDirectory D:\GoogleDisc\Nata_QA\Workspace_homework_40\JUnit\src\test\resources
2015-02-10 22:45:00,435 [Worker-21] INFO  o.e.m.i.launch.MavenLaunchDelegate - D:\GoogleDisc\Nata_QA\Workspace_homework_40\JUnit
2015-02-10 22:45:00,435 [Worker-21] INFO  o.e.m.i.launch.MavenLaunchDelegate -  mvn  -B site
2015-02-10 23:00:31,124 [Worker-30] INFO  o.e.m.c.i.l.LifecycleMappingFactory - Using org.eclipse.m2e.jdt.JarLifecycleMapping lifecycle mapping for MavenProject: core:JUnit:${build.version} @ D:\GoogleDisc\Nata_QA\Workspace_homework_40\JUnit\pom.xml.
2015-02-10 23:00:31,233 [Worker-30] INFO  o.e.m.c.i.embedder.EclipseLogger - Using 'UTF-8' encoding to copy filtered resources.
2015-02-10 23:00:31,233 [Worker-30] INFO  o.e.m.c.i.embedder.EclipseLogger - skip non existing resourceDirectory D:\GoogleDisc\Nata_QA\Workspace_homework_40\JUnit\src\main\resources
2015-02-10 23:00:31,233 [Worker-30] INFO  o.e.m.c.i.embedder.EclipseLogger - Using 'UTF-8' encoding to copy filtered resources.
2015-02-10 23:00:31,233 [Worker-30] INFO  o.e.m.c.i.embedder.EclipseLogger - skip non existing resourceDirectory D:\GoogleDisc\Nata_QA\Workspace_homework_40\JUnit\src\test\resources
2015-02-10 23:00:41,600 [Worker-32] INFO  o.e.m.i.launch.MavenLaunchDelegate - D:\GoogleDisc\Nata_QA\Workspace_homework_40\JUnit
2015-02-10 23:00:41,600 [Worker-32] INFO  o.e.m.i.launch.MavenLaunchDelegate -  mvn  -B site
2015-02-11 22:57:49,521 [Worker-2] INFO  o.e.m.c.i.embedder.EclipseLogger - Using 'UTF-8' encoding to copy filtered resources.
2015-02-11 22:57:49,524 [Worker-2] INFO  o.e.m.c.i.embedder.EclipseLogger - skip non existing resourceDirectory D:\GoogleDisc\Nata_QA\Workspace_homework_40\JUnit\src\main\resources
2015-02-11 22:57:49,525 [Worker-2] INFO  o.e.m.c.i.embedder.EclipseLogger - Using 'UTF-8' encoding to copy filtered resources.
2015-02-11 22:57:49,526 [Worker-2] INFO  o.e.m.c.i.embedder.EclipseLogger - skip non existing resourceDirectory D:\GoogleDisc\Nata_QA\Workspace_homework_40\JUnit\src\test\resources
2015-02-11 23:05:42,126 [Worker-3] INFO  o.e.m.c.i.embedder.EclipseLogger - Using 'UTF-8' encoding to copy filtered resources.
2015-02-11 23:05:42,126 [Worker-3] INFO  o.e.m.c.i.embedder.EclipseLogger - skip non existing resourceDirectory D:\GoogleDisc\Nata_QA\Workspace_homework_40\JUnit\src\main\resources
2015-02-11 23:05:42,126 [Worker-3] INFO  o.e.m.c.i.embedder.EclipseLogger - Using 'UTF-8' encoding to copy filtered resources.
2015-02-11 23:05:42,126 [Worker-3] INFO  o.e.m.c.i.embedder.EclipseLogger - skip non existing resourceDirectory D:\GoogleDisc\Nata_QA\Workspace_homework_40\JUnit\src\test\resources
2015-02-11 23:05:43,157 [Worker-3] INFO  o.e.m.c.i.embedder.EclipseLogger - Using 'UTF-8' encoding to copy filtered resources.
2015-02-11 23:05:43,157 [Worker-3] INFO  o.e.m.c.i.embedder.EclipseLogger - skip non existing resourceDirectory D:\GoogleDisc\Nata_QA\Workspace_homework_40\JUnit\src\main\resources
2015-02-11 23:05:43,157 [Worker-3] INFO  o.e.m.c.i.embedder.EclipseLogger - Using 'UTF-8' encoding to copy filtered resources.
2015-02-11 23:05:43,157 [Worker-3] INFO  o.e.m.c.i.embedder.EclipseLogger - skip non existing resourceDirectory D:\GoogleDisc\Nata_QA\Workspace_homework_40\JUnit\src\test\resources
2015-02-11 23:05:48,470 [Worker-9] INFO  o.e.m.c.i.embedder.EclipseLogger - Using 'UTF-8' encoding to copy filtered resources.
2015-02-11 23:05:48,470 [Worker-9] INFO  o.e.m.c.i.embedder.EclipseLogger - skip non existing resourceDirectory D:\GoogleDisc\Nata_QA\Workspace_homework_40\JUnit\src\main\resources
2015-02-11 23:05:48,470 [Worker-9] INFO  o.e.m.c.i.embedder.EclipseLogger - Using 'UTF-8' encoding to copy filtered resources.
2015-02-11 23:05:48,470 [Worker-9] INFO  o.e.m.c.i.embedder.EclipseLogger - skip non existing resourceDirectory D:\GoogleDisc\Nata_QA\Workspace_homework_40\JUnit\src\test\resources
2015-02-11 23:05:49,485 [Worker-0] INFO  o.e.m.c.i.embedder.EclipseLogger - Using 'UTF-8' encoding to copy filtered resources.
2015-02-11 23:05:49,485 [Worker-0] INFO  o.e.m.c.i.embedder.EclipseLogger - skip non existing resourceDirectory D:\GoogleDisc\Nata_QA\Workspace_homework_40\JUnit\src\main\resources
2015-02-11 23:05:49,485 [Worker-0] INFO  o.e.m.c.i.embedder.EclipseLogger - Using 'UTF-8' encoding to copy filtered resources.
2015-02-11 23:05:49,485 [Worker-0] INFO  o.e.m.c.i.embedder.EclipseLogger - skip non existing resourceDirectory D:\GoogleDisc\Nata_QA\Workspace_homework_40\JUnit\src\test\resources
2015-02-11 23:06:25,111 [Worker-1] INFO  o.e.m.c.i.embedder.EclipseLogger - Using 'UTF-8' encoding to copy filtered resources.
2015-02-11 23:06:25,111 [Worker-1] INFO  o.e.m.c.i.embedder.EclipseLogger - skip non existing resourceDirectory D:\GoogleDisc\Nata_QA\Workspace_homework_40\JUnit\src\main\resources
2015-02-11 23:06:25,111 [Worker-1] INFO  o.e.m.c.i.embedder.EclipseLogger - Using 'UTF-8' encoding to copy filtered resources.
2015-02-11 23:06:25,111 [Worker-1] INFO  o.e.m.c.i.embedder.EclipseLogger - skip non existing resourceDirectory D:\GoogleDisc\Nata_QA\Workspace_homework_40\JUnit\src\test\resources
2015-02-11 23:06:28,944 [Worker-0] INFO  o.e.m.c.i.embedder.EclipseLogger - Using 'UTF-8' encoding to copy filtered resources.
2015-02-11 23:06:28,944 [Worker-0] INFO  o.e.m.c.i.embedder.EclipseLogger - skip non existing resourceDirectory D:\GoogleDisc\Nata_QA\Workspace_homework_40\JUnit\src\main\resources
2015-02-11 23:06:28,944 [Worker-0] INFO  o.e.m.c.i.embedder.EclipseLogger - Using 'UTF-8' encoding to copy filtered resources.
2015-02-11 23:06:28,944 [Worker-0] INFO  o.e.m.c.i.embedder.EclipseLogger - skip non existing resourceDirectory D:\GoogleDisc\Nata_QA\Workspace_homework_40\JUnit\src\test\resources
2015-02-11 23:25:01,938 [Worker-1] INFO  o.e.m.c.i.embedder.EclipseLogger - Using 'UTF-8' encoding to copy filtered resources.
2015-02-11 23:25:01,938 [Worker-1] INFO  o.e.m.c.i.embedder.EclipseLogger - skip non existing resourceDirectory D:\GoogleDisc\Nata_QA\Workspace_homework_40\JUnit\src\main\resources
2015-02-11 23:25:01,938 [Worker-1] INFO  o.e.m.c.i.embedder.EclipseLogger - Using 'UTF-8' encoding to copy filtered resources.
2015-02-11 23:25:01,938 [Worker-1] INFO  o.e.m.c.i.embedder.EclipseLogger - skip non existing resourceDirectory D:\GoogleDisc\Nata_QA\Workspace_homework_40\JUnit\src\test\resources
2015-02-11 23:25:03,017 [Worker-3] INFO  o.e.m.c.i.embedder.EclipseLogger - Using 'UTF-8' encoding to copy filtered resources.
2015-02-11 23:25:03,017 [Worker-3] INFO  o.e.m.c.i.embedder.EclipseLogger - skip non existing resourceDirectory D:\GoogleDisc\Nata_QA\Workspace_homework_40\JUnit\src\main\resources
2015-02-11 23:25:03,017 [Worker-3] INFO  o.e.m.c.i.embedder.EclipseLogger - Using 'UTF-8' encoding to copy filtered resources.
2015-02-11 23:25:03,017 [Worker-3] INFO  o.e.m.c.i.embedder.EclipseLogger - skip non existing resourceDirectory D:\GoogleDisc\Nata_QA\Workspace_homework_40\JUnit\src\test\resources
